{"level":"info","message":"added a candidate joe@gmail.com","timestamp":"2023-05-16 18:48:23"}
{"level":"info","message":"request sent to MongoDB database checked with existing data, it is a new data so,added a candidate alpharomeo@gmail.com","timestamp":"2023-05-17 15:55:51"}
{"level":"info","message":"request sent to MongoDB database checked with existing data, it is a new data so,added a candidate haas@gmail.com","timestamp":"2023-05-17 15:59:29"}
{"level":"info","message":"request sent to MongoDB database checked with existing data, it is a new data so,added a candidate wang@gmail.com","timestamp":"2023-05-17 16:01:56"}
{"level":"info","message":"request sent to MongoDB database checked with existing data, it is a new data so,added a candidate ppk@gmail.com","timestamp":"2023-05-25 12:03:44"}
{"level":"info","message":"request sent to MongoDB database checked with existing data, it is a new data so,added a candidate b@gmail.com","timestamp":"2023-06-01 10:41:44"}
{"level":"info","message":"request sent to MongoDB database checked with existing data, it is a new data so,added a candidate c@gmail.com","timestamp":"2023-06-01 10:42:50"}
{"level":"info","message":"request sent to MongoDB database checked with existing data, it is a new data so,added a candidate candidate112@email.com","timestamp":"2023-06-03 00:47:15"}
{"level":"info","message":"request sent to MongoDB database checked with existing data, it is a new data so,added a candidate candidate113@email.com","timestamp":"2023-06-03 01:55:41"}
{"level":"info","message":"request sent to MongoDB database checked with existing data, it is a new data so,added a candidate candidate114@gmail.com","timestamp":"2023-06-03 02:00:50"}
{"level":"info","message":"request sent to MongoDB database checked with existing data, it is a new data so,added a candidate candidate115@gmail.com","timestamp":"2023-06-03 02:01:14"}
{"level":"info","message":"request sent to MongoDB database checked with existing data, it is a new data so,added a candidate testcandidate115@gmail.com","timestamp":"2023-06-06 11:09:40"}
{"level":"info","message":"request sent to MongoDB database checked with existing data, it is a new data so,added a candidate testcandidateDate@gmail.com","timestamp":"2023-06-06 12:08:15"}
{"level":"info","message":"request sent to MongoDB database checked with existing data, it is a new data so,added a candidate TestCandidateDate@gmail.com","timestamp":"2023-06-06 12:09:42"}
{"level":"info","message":"request sent to MongoDB database checked with existing data, it is a new data so,added a candidate testcandidatedate@gmail.com","timestamp":"2023-06-06 12:10:55"}
{"level":"info","message":"request sent to MongoDB database checked with existing data, it is a new data so,added a candidate test@test.test","timestamp":"2023-06-10 12:01:45"}
{"level":"info","message":"request sent to MongoDB database checked with existing data, it is a new data so,added a candidate test@test.test","timestamp":"2023-06-10 12:05:58"}
{"level":"info","message":"request sent to MongoDB database checked with existing data, it is a new data so,added a candidate test@test.test","timestamp":"2023-06-10 12:13:01"}
{"level":"info","message":"request sent to MongoDB database checked with existing data, it is a new data so,added a candidate test@test.com","timestamp":"2023-06-10 12:53:03"}
{"level":"info","message":"request sent to MongoDB database checked with existing data, it is a new data so,added a candidate test@test.com","timestamp":"2023-06-10 13:05:51"}
{"level":"info","message":"request sent to MongoDB database checked with existing data, it is a new data so,added a candidate testcandidate@test.com","timestamp":"2023-06-20 16:37:56"}
{"level":"info","message":"request sent to MongoDB database checked with existing data, it is a new data so,added a candidate newcan@email.com","timestamp":"2023-06-26 11:08:47"}
{"level":"info","message":"request sent to MongoDB database checked with existing data, it is a new data so,added a candidate ttttttt@email.com","timestamp":"2023-06-26 11:11:28"}
{"level":"info","message":"request sent to MongoDB database checked with existing data, it is a new data so,added a candidate vlsi_f4@email.com","timestamp":"2023-06-30 06:34:27"}
{"level":"info","message":"request sent to MongoDB database checked with existing data, it is a new data so,added a candidate vlsi_f1@email.com","timestamp":"2023-06-30 07:43:48"}
{"level":"info","message":"request sent to MongoDB database checked with existing data, it is a new data so,added a candidate vlsi_f2@email.com","timestamp":"2023-06-30 10:18:50"}
{"level":"info","message":"request sent to MongoDB database checked with existing data, it is a new data so,added a candidate yevgenyprigozhin@wagner.com","timestamp":"2023-06-30 10:28:34"}
{"level":"info","message":"request sent to MongoDB database checked with existing data, it is a new data so,added a candidate test@test.test","timestamp":"2023-07-13 14:25:47"}
{"level":"info","message":"request sent to MongoDB database checked with existing data, it is a new data so,added a candidate ironman@marvel.com","timestamp":"2023-07-13 15:30:39"}
{"level":"error","message":"error in adding candidate","timestamp":"2023-07-19 16:36:40"}
{"level":"error","message":"error in adding candidate","timestamp":"2023-07-19 16:37:24"}
{"level":"error","message":"error in adding candidate","timestamp":"2023-07-19 16:47:02"}
{"level":"error","message":"error in adding candidate","timestamp":"2023-07-19 16:51:03"}
{"level":"error","message":"error in adding candidate","timestamp":"2023-07-19 17:00:19"}
{"level":"error","message":"error in adding candidate","timestamp":"2023-07-21 10:55:26"}
{"level":"error","message":"error in adding candidate","timestamp":"2023-07-21 10:57:35"}
{"level":"error","message":"error in adding candidate","timestamp":"2023-07-21 11:03:40"}
{"level":"error","message":"error in adding candidate","timestamp":"2023-07-21 11:04:28"}
{"level":"error","message":"error in adding candidate","timestamp":"2023-07-21 15:15:08"}
{"level":"error","message":"error in adding candidate","timestamp":"2023-07-21 15:19:27"}
{"level":"error","message":"error in adding candidate","timestamp":"2023-07-21 15:21:03"}
{"level":"error","message":"error in adding candidate","timestamp":"2023-07-21 15:25:17"}
{"level":"error","message":"error in adding candidate","timestamp":"2023-07-21 15:47:44"}
{"level":"info","message":"request sent to MongoDB database checked with existing data, it is a new data so,added a candidate rogerfederer@gmail.com","timestamp":"2023-07-21 15:49:48"}
<<<<<<< Updated upstream
{"level":"info","message":"request sent to MongoDB database checked with existing data, it is a new data so,added a candidate veerasatya@gmail.com","timestamp":"2023-07-21 16:22:13"}
{"level":"info","message":"request sent to MongoDB database checked with existing data, it is a new data so,added a candidate yanlidong@gmail.com","timestamp":"2023-07-21 22:12:52"}
=======
{"level":"info","message":"request sent to MongoDB database checked with existing data, it is a new data so,added a candidate ats@gmail.com","timestamp":"2023-07-21 16:59:27"}
{"level":"info","message":"request sent to MongoDB database checked with existing data, it is a new data so,added a candidate ast1@gmail.com","timestamp":"2023-07-21 17:38:24"}
{"level":"info","message":"request sent to MongoDB database checked with existing data, it is a new data so,added a candidate suryaats@gmail.com","timestamp":"2023-07-21 18:48:40"}
{"level":"info","message":"request sent to MongoDB database checked with existing data, it is a new data so,added a candidate atsapplicant@gmail.com","timestamp":"2023-07-22 11:18:59"}
>>>>>>> Stashed changes
{"level":"info","message":"request sent to MongoDB database checked with existing data, it is a new data so,added a candidate check@gmail.com","timestamp":"2023-08-22 09:59:46"}
{"level":"info","message":"request sent to MongoDB database checked with existing data, it is a new data so,added a candidate santosh@gmail.com","timestamp":"2023-08-22 15:40:11"}
{"level":"error","message":"error in adding candidate","timestamp":"2023-08-25 12:54:29"}
{"level":"error","message":"error in adding candidate","timestamp":"2023-08-25 12:55:50"}
{"level":"info","message":"request sent to MongoDB database checked with existing data, it is a new data so,added a candidate veeea@gmail.com","timestamp":"2023-08-25 12:59:51"}
{"level":"error","message":"error in adding candidate","timestamp":"2023-08-25 13:00:23"}
{"level":"error","message":"error in adding candidate","timestamp":"2023-08-25 13:01:41"}
{"level":"error","message":"error in adding candidate","timestamp":"2023-08-25 13:04:21"}
{"level":"error","message":"error in adding candidate","timestamp":"2023-08-25 14:21:09"}
{"level":"error","message":"error in adding candidate","timestamp":"2023-08-25 14:22:12"}
{"level":"error","message":"error in adding candidate","timestamp":"2023-08-25 14:25:41"}
{"level":"error","message":"error in adding candidate","timestamp":"2023-08-25 14:26:08"}
{"level":"error","message":"error in adding candidate","timestamp":"2023-08-25 14:29:20"}
{"level":"error","message":"error in adding candidate","timestamp":"2023-08-25 14:30:59"}
{"level":"error","message":"error in adding candidate","timestamp":"2023-08-25 14:31:32"}
{"level":"info","message":"request sent to MongoDB database checked with existing data, it is a new data so,added a candidate helo@gmail.com","timestamp":"2023-08-25 14:42:40"}
{"level":"info","message":"request sent to MongoDB database checked with existing data, it is a new data so,added a candidate test@gmail.com","timestamp":"2023-08-31 10:11:48"}
{"level":"info","message":"request sent to MongoDB database checked with existing data, it is a new data so,added a candidate vani@gmail.com","timestamp":"2024-01-30 12:30:59"}
{"level":"info","message":"request sent to MongoDB database checked with existing data, it is a new data so,added a candidate te@gmail.com","timestamp":"2024-01-30 12:37:02"}
