{"level":"info","message":"request sent to MongoDB database matched with the data king@yahoo.com login successfull","timestamp":"2023-05-17 12:52:54"}
{"level":"info","message":"request sent to MongoDB database matched with the data joe@gmail.com login successfull","timestamp":"2023-05-17 13:02:52"}
{"level":"info","message":"request sent to MongoDB database matched with the data test@test.com login successfull","timestamp":"2023-05-17 14:04:51"}
{"level":"info","message":"request sent to MongoDB database matched with the data alpharomeo@gmail.com login successfull","timestamp":"2023-05-17 15:56:08"}
{"level":"info","message":"request sent to MongoDB database matched with the data alpharomeo@gmail.com login successfull","timestamp":"2023-05-17 15:58:30"}
{"level":"info","message":"request sent to MongoDB database matched with the data haas@gmail.com login successfull","timestamp":"2023-05-17 15:59:37"}
{"level":"info","message":"request sent to MongoDB database matched with the data wang@gmail.com login successfull","timestamp":"2023-05-17 16:02:05"}
{"level":"info","message":"request sent to MongoDB database matched with the data ak@gmail.com login successfull","timestamp":"2023-05-25 12:03:19"}
{"level":"info","message":"request sent to MongoDB database matched with the data ppk@gmail.com login successfull","timestamp":"2023-05-25 12:03:52"}
{"level":"info","message":"request sent to MongoDB database matched with the data santosh@gmail.com login successfull","timestamp":"2023-05-25 17:52:58"}
{"level":"error","message":"Error in candidate login","timestamp":"2023-05-25 17:52:58"}
{"level":"info","message":"request sent to MongoDB database matched with the data santosh@p2fsemi.in login successfull","timestamp":"2023-05-25 17:53:08"}
{"level":"error","message":"Error in candidate login","timestamp":"2023-05-25 17:53:08"}
{"level":"info","message":"request sent to MongoDB database matched with the data santosh@gmail.in login successfull","timestamp":"2023-05-25 17:53:32"}
{"level":"info","message":"request sent to MongoDB database matched with the data carlos@gmail.com login successfull","timestamp":"2023-05-26 11:37:19"}
{"level":"info","message":"request sent to MongoDB database matched with the data logtest@gmail.com login successfull","timestamp":"2023-05-26 11:50:09"}
{"level":"info","message":"request sent to MongoDB database matched with the data a@gmail.com login successfull","timestamp":"2023-06-01 12:50:21"}
{"level":"info","message":"request sent to MongoDB database matched with the data a@gmail.com login successfull","timestamp":"2023-06-01 12:52:58"}
{"level":"info","message":"request sent to MongoDB database matched with the data a@gmail.com login successfull","timestamp":"2023-06-01 13:58:02"}
{"level":"info","message":"request sent to MongoDB database matched with the data a@gmail.com login successfull","timestamp":"2023-06-01 14:00:10"}
{"level":"info","message":"request sent to MongoDB database matched with the data test@test.com login successfull","timestamp":"2023-06-01 16:29:53"}
{"level":"info","message":"request sent to MongoDB database matched with the data test@test.com login successfull","timestamp":"2023-06-01 16:42:56"}
{"level":"info","message":"request sent to MongoDB database matched with the data test@test.com login successfull","timestamp":"2023-06-01 16:46:25"}
{"level":"info","message":"request sent to MongoDB database matched with the data test@test.com login successfull","timestamp":"2023-06-01 16:47:03"}
{"level":"info","message":"request sent to MongoDB database matched with the data test@test.com login successfull","timestamp":"2023-06-01 16:48:53"}
{"level":"info","message":"request sent to MongoDB database matched with the data test@test.com login successfull","timestamp":"2023-06-01 16:49:11"}
{"level":"info","message":"request sent to MongoDB database matched with the data test@test.com login successfull","timestamp":"2023-06-01 16:49:44"}
