{"level":"info","message":"candidate is edited","timestamp":"2023-05-16 18:21:46"}
{"level":"info","message":"king is edited","timestamp":"2023-05-16 18:25:05"}
{"level":"info","message":" edit candidate api is triggered kingRyan is edited and updated data is saved to the database","timestamp":"2023-05-17 12:04:38"}
{"level":"info","message":" edit candidate api is triggered by the evaluator && one is edited and updated data is saved to the database","timestamp":"2023-05-17 13:02:21"}
{"level":"info","message":" edit candidate api is triggered by the evaluator && Vladimir Putin got edited and updated data is saved to the database","timestamp":"2023-05-19 11:51:02"}
{"level":"info","message":" edit candidate api is triggered by the evaluator && Santosh got edited and updated data is saved to the database","timestamp":"2023-05-25 17:52:21"}
{"level":"info","message":" edit candidate api is triggered by the evaluator && logtest got edited and updated data is saved to the database","timestamp":"2023-05-26 11:42:46"}
{"level":"info","message":" edit candidate api is triggered by the evaluator && logtest got edited and updated data is saved to the database","timestamp":"2023-05-26 11:43:23"}
{"level":"info","message":" edit candidate api is triggered by the evaluator && logtest got edited and updated data is saved to the database","timestamp":"2023-05-26 11:49:48"}
{"level":"info","message":" edit candidate api is triggered by the evaluator && ttttttt got edited and updated data is saved to the database","timestamp":"2023-06-26 11:13:27"}
{"level":"info","message":" edit candidate api is triggered by the evaluator && vlsi_f1 got edited and updated data is saved to the database","timestamp":"2023-06-30 07:44:55"}
{"level":"info","message":" edit candidate api is triggered by the evaluator && vlsi_f2 got edited and updated data is saved to the database","timestamp":"2023-06-30 10:19:44"}
{"level":"info","message":" edit candidate api is triggered by the evaluator && Tony Stark got edited and updated data is saved to the database","timestamp":"2023-07-13 17:22:39"}
{"level":"info","message":" edit candidate api is triggered by the evaluator && Tony Stark got edited and updated data is saved to the database","timestamp":"2023-07-13 17:22:59"}
{"level":"info","message":" edit candidate api is triggered by the evaluator && Tony Stark got edited and updated data is saved to the database","timestamp":"2023-07-13 17:24:11"}
{"level":"info","message":" edit candidate api is triggered by the evaluator && Tony Stark got edited and updated data is saved to the database","timestamp":"2023-07-13 17:24:47"}
{"level":"info","message":" edit candidate api is triggered by the evaluator && test got edited and updated data is saved to the database","timestamp":"2023-07-13 17:32:36"}
{"level":"info","message":" edit candidate api is triggered by the evaluator && test got edited and updated data is saved to the database","timestamp":"2023-07-13 17:32:53"}
{"level":"info","message":" edit candidate api is triggered by the evaluator && test got edited and updated data is saved to the database","timestamp":"2023-07-13 17:33:16"}
{"level":"info","message":" edit candidate api is triggered by the evaluator && test got edited and updated data is saved to the database","timestamp":"2023-07-13 17:34:12"}
<<<<<<< Updated upstream
{"level":"info","message":" edit candidate api is triggered by the evaluator && testdev got edited and updated data is saved to the database","timestamp":"2023-07-21 16:11:56"}
{"level":"info","message":" edit candidate api is triggered by the evaluator && atsId got edited and updated data is saved to the database","timestamp":"2023-07-21 18:31:43"}
=======
{"level":"info","message":" edit candidate api is triggered by the evaluator && add2 got edited and updated data is saved to the database","timestamp":"2023-07-21 18:37:22"}
{"level":"info","message":" edit candidate api is triggered by the evaluator && surya got edited and updated data is saved to the database","timestamp":"2023-07-21 18:51:33"}
{"level":"info","message":" edit candidate api is triggered by the evaluator && atsapplicant got edited and updated data is saved to the database","timestamp":"2023-07-22 11:22:03"}
>>>>>>> Stashed changes
{"level":"info","message":" edit candidate api is triggered by the evaluator && Vani Adimulam got edited and updated data is saved to the database","timestamp":"2024-01-30 12:34:49"}
