{"level":"info","message":"santosh@dev.com login successfull","timestamp":"2023-05-16 18:04:56"}
{"level":"info","message":"santosh@dev.com login successfull","timestamp":"2023-05-16 18:21:02"}
{"level":"info","message":"santosh@dev.com login successfull","timestamp":"2023-05-16 18:46:33"}
{"level":"info","message":"santosh@dev.com login successfull","timestamp":"2023-05-17 10:42:40"}
{"level":"info","message":"santosh@dev.com login successfull","timestamp":"2023-05-17 11:12:33"}
{"level":"info","message":"evaluator Request sent to database email and password are matched with the data ,santosh@dev.com login successfull","timestamp":"2023-05-17 11:38:29"}
{"level":"info","message":"evaluator Request sent to database email and password are matched with the data ,santosh@dev.com login successfull","timestamp":"2023-05-17 11:54:31"}
{"level":"info","message":"evaluator Request sent to database email and password are matched with the data ,santosh@dev.com login successfull","timestamp":"2023-05-17 12:04:06"}
{"level":"info","message":"evaluator Request sent to database email and password are matched with the data ,santosh@dev.com login successfull","timestamp":"2023-05-17 12:58:08"}
{"level":"info","message":"evaluator Request sent to database email and password are matched with the data ,santosh@dev.com login successfull","timestamp":"2023-05-17 13:02:37"}
{"level":"info","message":"evaluator Request sent to database email and password are matched with the data ,santosh@dev.com login successfull","timestamp":"2023-05-17 13:34:35"}
{"level":"info","message":"evaluator Request sent to database email and password are matched with the data ,santosh@dev.com login successfull","timestamp":"2023-05-17 13:43:49"}
{"level":"info","message":"evaluator Request sent to database email and password are matched with the data ,santosh@dev.com login successfull","timestamp":"2023-05-17 15:37:46"}
{"level":"info","message":"evaluator Request sent to database email and password are matched with the data ,santosh@dev.com login successfull","timestamp":"2023-05-17 15:58:39"}
{"level":"info","message":"evaluator Request sent to database email and password are matched with the data ,santosh@dev.com login successfull","timestamp":"2023-05-17 16:00:53"}
{"level":"info","message":"evaluator Request sent to database email and password are matched with the data ,santosh@dev.com login successfull","timestamp":"2023-05-17 16:03:12"}
{"level":"info","message":"evaluator Request sent to database email and password are matched with the data ,santosh@dev.com login successfull","timestamp":"2023-05-18 13:57:02"}
{"level":"info","message":"evaluator Request sent to database email and password are matched with the data ,santosh@dev.com login successfull","timestamp":"2023-05-18 14:01:36"}
{"level":"info","message":"evaluator Request sent to database email and password are matched with the data ,santosh@dev.com login successfull","timestamp":"2023-05-18 14:02:03"}
{"level":"info","message":"evaluator Request sent to database email and password are matched with the data ,santosh@dev.com login successfull","timestamp":"2023-05-18 14:05:43"}
{"level":"info","message":"evaluator Request sent to database email and password are matched with the data ,santosh@dev.com login successfull","timestamp":"2023-05-18 14:47:08"}
{"level":"info","message":"evaluator Request sent to database email and password are matched with the data ,santosh@dev.com login successfull","timestamp":"2023-05-18 16:07:47"}
{"level":"info","message":"evaluator Request sent to database email and password are matched with the data ,santosh@dev.com login successfull","timestamp":"2023-05-18 16:15:29"}
{"level":"info","message":"evaluator Request sent to database email and password are matched with the data ,santosh@dev.com login successfull","timestamp":"2023-05-18 16:17:37"}
{"level":"info","message":"evaluator Request sent to database email and password are matched with the data ,santosh@dev.com login successfull","timestamp":"2023-05-18 22:03:05"}
{"level":"info","message":"evaluator Request sent to database email and password are matched with the data ,santosh@dev.com login successfull","timestamp":"2023-05-19 10:29:32"}
{"level":"info","message":"evaluator Request sent to database email and password are matched with the data ,santosh@dev.com login successfull","timestamp":"2023-05-19 10:29:34"}
{"level":"info","message":"evaluator Request sent to database email and password are matched with the data ,veera@p2f.com login successfull","timestamp":"2023-05-25 12:01:20"}
{"level":"info","message":"evaluator Request sent to database email and password are matched with the data ,veera@p2f.com login successfull","timestamp":"2023-05-25 12:03:28"}
{"level":"info","message":"evaluator Request sent to database email and password are matched with the data ,veera@p2f.com login successfull","timestamp":"2023-05-25 12:04:48"}
{"level":"info","message":"evaluator Request sent to database email and password are matched with the data ,veera@p2f.com login successfull","timestamp":"2023-05-25 13:46:27"}
{"level":"info","message":"evaluator Request sent to database email and password are matched with the data ,santosh@dev.com login successfull","timestamp":"2023-05-25 15:06:08"}
{"level":"info","message":"evaluator Request sent to database email and password are matched with the data ,santosh@dev.com login successfull","timestamp":"2023-05-25 17:53:17"}
{"level":"info","message":"evaluator Request sent to database email and password are matched with the data ,santosh@dev.com login successfull","timestamp":"2023-05-26 10:12:38"}
{"level":"info","message":"evaluator Request sent to database email and password are matched with the data ,santosh@dev.com login successfull","timestamp":"2023-05-26 10:17:29"}
{"level":"info","message":"evaluator Request sent to database email and password are matched with the data ,santosh@dev.com login successfull","timestamp":"2023-05-26 10:17:51"}
{"level":"info","message":"evaluator Request sent to database email and password are matched with the data ,santosh@dev.com login successfull","timestamp":"2023-05-26 10:50:46"}
{"level":"info","message":"evaluator Request sent to database email and password are matched with the data ,santosh@dev.com login successfull","timestamp":"2023-05-26 11:00:51"}
{"level":"info","message":"evaluator Request sent to database email and password are matched with the data ,santosh@dev.com login successfull","timestamp":"2023-05-26 11:25:41"}
{"level":"info","message":"evaluator Request sent to database email and password are matched with the data ,santosh@dev.com login successfull","timestamp":"2023-05-26 11:42:35"}
{"level":"info","message":"evaluator Request sent to database email and password are matched with the data ,santosh@dev.com login successfull","timestamp":"2023-05-26 11:43:11"}
{"level":"info","message":"evaluator Request sent to database email and password are matched with the data ,santosh@dev.com login successfull","timestamp":"2023-05-26 11:43:34"}
{"level":"info","message":"evaluator Request sent to database email and password are matched with the data ,santosh@dev.com login successfull","timestamp":"2023-05-26 11:43:52"}
{"level":"info","message":"evaluator Request sent to database email and password are matched with the data ,santosh@dev.com login successfull","timestamp":"2023-05-26 11:44:33"}
{"level":"info","message":"evaluator Request sent to database email and password are matched with the data ,santosh@dev.com login successfull","timestamp":"2023-05-26 11:49:31"}
{"level":"info","message":"evaluator Request sent to database email and password are matched with the data ,santosh@dev.com login successfull","timestamp":"2023-05-26 11:49:55"}
{"level":"info","message":"evaluator Request sent to database email and password are matched with the data ,santosh@dev.com login successfull","timestamp":"2023-05-26 11:51:29"}
{"level":"info","message":"evaluator Request sent to database email and password are matched with the data ,veera@p2f.com login successfull","timestamp":"2023-06-01 10:38:34"}
{"level":"info","message":"evaluator Request sent to database email and password are matched with the data ,veera@p2f.com login successfull","timestamp":"2023-06-01 10:38:42"}
{"level":"info","message":"evaluator Request sent to database email and password are matched with the data ,veera@p2f.com login successfull","timestamp":"2023-06-01 12:53:49"}
{"level":"info","message":"evaluator Request sent to database email and password are matched with the data ,Test@tessolve.com login successfull","timestamp":"2023-06-01 16:39:34"}
{"level":"info","message":"evaluator Request sent to database email and password are matched with the data ,Test@tessolve.com login successfull","timestamp":"2023-06-01 17:31:40"}
{"level":"info","message":"evaluator Request sent to database email and password are matched with the data ,Test@tessolve.com login successfull","timestamp":"2023-06-01 18:12:25"}
{"level":"info","message":"evaluator Request sent to database email and password are matched with the data ,Test@tessolve.com login successfull","timestamp":"2023-06-01 18:29:56"}
{"level":"info","message":"evaluator Request sent to database email and password are matched with the data ,Test@tessolve.com login successfull","timestamp":"2023-06-01 18:31:17"}
{"level":"info","message":"evaluator Request sent to database email and password are matched with the data ,Test@tessolve.com login successfull","timestamp":"2023-06-01 18:31:58"}
{"level":"info","message":"evaluator Request sent to database email and password are matched with the data ,Test@tessolve.com login successfull","timestamp":"2023-06-01 18:33:45"}
{"level":"info","message":"evaluator Request sent to database email and password are matched with the data ,Test@tessolve.com login successfull","timestamp":"2023-06-01 18:36:12"}
{"level":"info","message":"evaluator Request sent to database email and password are matched with the data ,Test@tessolve.com login successfull","timestamp":"2023-06-01 18:36:39"}
{"level":"info","message":"evaluator Request sent to database email and password are matched with the data ,Test@tessolve.com login successfull","timestamp":"2023-06-01 19:04:40"}
{"level":"info","message":"evaluator Request sent to database email and password are matched with the data ,Test@tessolve.com login successfull","timestamp":"2023-06-01 19:04:49"}
{"level":"info","message":"evaluator Request sent to database email and password are matched with the data ,Test@tessolve.com login successfull","timestamp":"2023-06-01 19:05:36"}
{"level":"info","message":"evaluator Request sent to database email and password are matched with the data ,Test@tessolve.com login successfull","timestamp":"2023-06-01 19:05:37"}
{"level":"info","message":"evaluator Request sent to database email and password are matched with the data ,Test@tessolve.com login successfull","timestamp":"2023-06-01 19:05:47"}
{"level":"info","message":"evaluator Request sent to database email and password are matched with the data ,Test@tessolve.com login successfull","timestamp":"2023-06-01 19:06:31"}
{"level":"info","message":"evaluator Request sent to database email and password are matched with the data ,Test@tessolve.com login successfull","timestamp":"2023-06-01 19:06:45"}
{"level":"info","message":"evaluator Request sent to database email and password are matched with the data ,Test@tessolve.com login successfull","timestamp":"2023-06-01 19:06:45"}
{"level":"info","message":"evaluator Request sent to database email and password are matched with the data ,Test@tessolve.com login successfull","timestamp":"2023-06-01 19:15:18"}
{"level":"info","message":"evaluator Request sent to database email and password are matched with the data ,Test@tessolve.com login successfull","timestamp":"2023-06-01 22:39:30"}
{"level":"info","message":"evaluator Request sent to database email and password are matched with the data ,Test@tessolve.com login successfull","timestamp":"2023-06-02 22:49:21"}
{"level":"info","message":"evaluator Request sent to database email and password are matched with the data ,Test@tessolve.com login successfull","timestamp":"2023-06-02 23:37:07"}
{"level":"info","message":"evaluator Request sent to database email and password are matched with the data ,Test@tessolve.com login successfull","timestamp":"2023-06-02 23:39:21"}
{"level":"info","message":"evaluator Request sent to database email and password are matched with the data ,Test@tessolve.com login successfull","timestamp":"2023-06-02 23:50:09"}
{"level":"info","message":"evaluator Request sent to database email and password are matched with the data ,Test@tessolve.com login successfull","timestamp":"2023-06-03 00:49:17"}
{"level":"info","message":"evaluator Request sent to database email and password are matched with the data ,Test@tessolve.com login successfull","timestamp":"2023-06-03 01:00:58"}
{"level":"info","message":"evaluator Request sent to database email and password are matched with the data ,Test@tessolve.com login successfull","timestamp":"2023-06-03 01:16:02"}
{"level":"info","message":"evaluator Request sent to database email and password are matched with the data ,Test@tessolve.com login successfull","timestamp":"2023-06-03 01:18:23"}
{"level":"info","message":"evaluator Request sent to database email and password are matched with the data ,Test@tessolve.com login successfull","timestamp":"2023-06-03 01:55:10"}
{"level":"info","message":"evaluator Request sent to database email and password are matched with the data ,Test@tessolve.com login successfull","timestamp":"2023-06-03 01:57:28"}
{"level":"info","message":"evaluator Request sent to database email and password are matched with the data ,Test@tessolve.com login successfull","timestamp":"2023-06-02 12:13:30"}
{"level":"info","message":"evaluator Request sent to database email and password are matched with the data ,Test@tessolve.com login successfull","timestamp":"2023-06-02 13:00:41"}
{"level":"info","message":"evaluator Request sent to database email and password are matched with the data ,Test@tessolve.com login successfull","timestamp":"2023-06-03 11:11:22"}
{"level":"info","message":"evaluator Request sent to database email and password are matched with the data ,Test@tessolve.com login successfull","timestamp":"2023-06-06 10:57:21"}
{"level":"info","message":"evaluator Request sent to database email and password are matched with the data ,Test@tessolve.com login successfull","timestamp":"2023-06-06 11:01:09"}
{"level":"info","message":"evaluator Request sent to database email and password are matched with the data ,Test@tessolve.com login successfull","timestamp":"2023-06-06 11:09:13"}
{"level":"info","message":"evaluator Request sent to database email and password are matched with the data ,Test@tessolve.com login successfull","timestamp":"2023-06-06 11:11:11"}
{"level":"info","message":"evaluator Request sent to database email and password are matched with the data ,Test@tessolve.com login successfull","timestamp":"2023-06-06 11:27:48"}
{"level":"info","message":"evaluator Request sent to database email and password are matched with the data ,Test@tessolve.com login successfull","timestamp":"2023-06-06 12:07:54"}
{"level":"info","message":"evaluator Request sent to database email and password are matched with the data ,Test@tessolve.com login successfull","timestamp":"2023-06-06 17:53:26"}
{"level":"info","message":"evaluator Request sent to database email and password are matched with the data ,Test@tessolve.com login successfull","timestamp":"2023-06-06 17:56:44"}
{"level":"info","message":"evaluator Request sent to database email and password are matched with the data ,Test@tessolve.com login successfull","timestamp":"2023-06-07 11:38:11"}
{"level":"info","message":"evaluator Request sent to database email and password are matched with the data ,Test@tessolve.com login successfull","timestamp":"2023-06-07 12:35:32"}
{"level":"info","message":"evaluator Request sent to database email and password are matched with the data ,Test@tessolve.com login successfull","timestamp":"2023-06-07 12:42:51"}
{"level":"info","message":"evaluator Request sent to database email and password are matched with the data ,Test@tessolve.com login successfull","timestamp":"2023-06-07 15:24:11"}
{"level":"info","message":"evaluator Request sent to database email and password are matched with the data ,Test@tessolve.com login successfull","timestamp":"2023-06-07 16:12:34"}
{"level":"info","message":"evaluator Request sent to database email and password are matched with the data ,Test@tessolve.com login successfull","timestamp":"2023-06-09 14:49:45"}
{"level":"info","message":"evaluator Request sent to database email and password are matched with the data ,Test@tessolve.com login successfull","timestamp":"2023-06-07 23:18:29"}
{"level":"info","message":"evaluator Request sent to database email and password are matched with the data ,Test@tessolve.com login successfull","timestamp":"2023-06-08 15:16:09"}
{"level":"info","message":"evaluator Request sent to database email and password are matched with the data ,Test@tessolve.com login successfull","timestamp":"2023-06-08 15:48:17"}
{"level":"info","message":"evaluator Request sent to database email and password are matched with the data ,Test@tessolve.com login successfull","timestamp":"2023-06-08 16:17:37"}
{"level":"info","message":"evaluator Request sent to database email and password are matched with the data ,Test@tessolve.com login successfull","timestamp":"2023-06-08 16:44:02"}
{"level":"info","message":"evaluator Request sent to database email and password are matched with the data ,Test@tessolve.com login successfull","timestamp":"2023-06-10 11:53:05"}
{"level":"info","message":"evaluator Request sent to database email and password are matched with the data ,Test@tessolve.com login successfull","timestamp":"2023-06-10 12:01:25"}
{"level":"info","message":"evaluator Request sent to database email and password are matched with the data ,Test@tessolve.com login successfull","timestamp":"2023-06-10 12:05:45"}
{"level":"info","message":"evaluator Request sent to database email and password are matched with the data ,Test@tessolve.com login successfull","timestamp":"2023-06-10 12:08:38"}
{"level":"info","message":"evaluator Request sent to database email and password are matched with the data ,Test@tessolve.com login successfull","timestamp":"2023-06-10 12:09:28"}
{"level":"info","message":"evaluator Request sent to database email and password are matched with the data ,Test@tessolve.com login successfull","timestamp":"2023-06-10 12:12:37"}
{"level":"info","message":"evaluator Request sent to database email and password are matched with the data ,Test@tessolve.com login successfull","timestamp":"2023-06-10 12:52:41"}
{"level":"info","message":"evaluator Request sent to database email and password are matched with the data ,Test@tessolve.com login successfull","timestamp":"2023-06-10 13:05:27"}
{"level":"info","message":"evaluator Request sent to database email and password are matched with the data ,Test@tessolve.com login successfull","timestamp":"2023-06-10 14:20:50"}
{"level":"info","message":"evaluator Request sent to database email and password are matched with the data ,Test@tessolve.com login successfull","timestamp":"2023-06-20 11:12:26"}
{"level":"info","message":"evaluator Request sent to database email and password are matched with the data ,Test@tessolve.com login successfull","timestamp":"2023-06-20 17:23:17"}
{"level":"info","message":"evaluator Request sent to database email and password are matched with the data ,Test@tessolve.com login successfull","timestamp":"2023-06-24 12:47:21"}
{"level":"info","message":"evaluator Request sent to database email and password are matched with the data ,Test@tessolve.com login successfull","timestamp":"2023-06-24 13:01:08"}
{"level":"info","message":"evaluator Request sent to database email and password are matched with the data ,Test@tessolve.com login successfull","timestamp":"2023-06-10 11:53:05"}
{"level":"info","message":"evaluator Request sent to database email and password are matched with the data ,Test@tessolve.com login successfull","timestamp":"2023-06-10 12:01:25"}
{"level":"info","message":"evaluator Request sent to database email and password are matched with the data ,Test@tessolve.com login successfull","timestamp":"2023-06-10 12:05:45"}
{"level":"info","message":"evaluator Request sent to database email and password are matched with the data ,Test@tessolve.com login successfull","timestamp":"2023-06-10 12:08:38"}
{"level":"info","message":"evaluator Request sent to database email and password are matched with the data ,Test@tessolve.com login successfull","timestamp":"2023-06-10 12:09:28"}
{"level":"info","message":"evaluator Request sent to database email and password are matched with the data ,Test@tessolve.com login successfull","timestamp":"2023-06-10 12:12:37"}
{"level":"info","message":"evaluator Request sent to database email and password are matched with the data ,Test@tessolve.com login successfull","timestamp":"2023-06-10 12:52:41"}
{"level":"info","message":"evaluator Request sent to database email and password are matched with the data ,Test@tessolve.com login successfull","timestamp":"2023-06-10 13:05:27"}
{"level":"info","message":"evaluator Request sent to database email and password are matched with the data ,Test@tessolve.com login successfull","timestamp":"2023-06-10 14:20:50"}
{"level":"info","message":"evaluator Request sent to database email and password are matched with the data ,Test@tessolve.com login successfull","timestamp":"2023-06-20 11:12:26"}
{"level":"info","message":"evaluator Request sent to database email and password are matched with the data ,Test@tessolve.com login successfull","timestamp":"2023-06-20 17:23:17"}
{"level":"info","message":"evaluator Request sent to database email and password are matched with the data ,Test@tessolve.com login successfull","timestamp":"2023-06-22 10:49:43"}

{"level":"info","message":"evaluator Request sent to database email and password are matched with the data ,Test@tessolve.com login successfull","timestamp":"2023-06-26 11:08:32"}
{"level":"info","message":"evaluator Request sent to database email and password are matched with the data ,Test@tessolve.com login successfull","timestamp":"2023-06-26 11:10:51"}
{"level":"info","message":"evaluator Request sent to database email and password are matched with the data ,Test@tessolve.com login successfull","timestamp":"2023-06-26 11:13:01"}
{"level":"info","message":"evaluator Request sent to database email and password are matched with the data ,Test@tessolve.com login successfull","timestamp":"2023-06-30 06:33:58"}
{"level":"info","message":"evaluator Request sent to database email and password are matched with the data ,Test@tessolve.com login successfull","timestamp":"2023-06-30 06:35:15"}
{"level":"info","message":"evaluator Request sent to database email and password are matched with the data ,Test@tessolve.com login successfull","timestamp":"2023-06-30 07:44:18"}
{"level":"info","message":"evaluator Request sent to database email and password are matched with the data ,Test@tessolve.com login successfull","timestamp":"2023-06-30 07:47:48"}
{"level":"info","message":"evaluator Request sent to database email and password are matched with the data ,Test@tessolve.com login successfull","timestamp":"2023-06-30 10:19:21"}
{"level":"info","message":"evaluator Request sent to database email and password are matched with the data ,Test@tessolve.com login successfull","timestamp":"2023-06-30 10:31:27"}
{"level":"info","message":"evaluator Request sent to database email and password are matched with the data ,Test@tessolve.com login successfull","timestamp":"2023-07-05 15:21:07"}
{"level":"info","message":"evaluator Request sent to database email and password are matched with the data ,Test@tessolve.com login successfull","timestamp":"2023-07-05 15:43:20"}
{"level":"info","message":"evaluator Request sent to database email and password are matched with the data ,Test@tessolve.com login successfull","timestamp":"2023-07-06 14:31:55"}
{"level":"info","message":"evaluator Request sent to database email and password are matched with the data ,Test@tessolve.com login successfull","timestamp":"2023-07-07 10:05:30"}
{"level":"info","message":"evaluator Request sent to database email and password are matched with the data ,Test@tessolve.com login successfull","timestamp":"2023-07-11 14:31:25"}
{"level":"info","message":"evaluator Request sent to database email and password are matched with the data ,Test@tessolve.com login successfull","timestamp":"2023-07-11 14:38:12"}
{"level":"info","message":"evaluator Request sent to database email and password are matched with the data ,Test@tessolve.com login successfull","timestamp":"2023-07-11 16:35:02"}
{"level":"info","message":"evaluator Request sent to database email and password are matched with the data ,Test@tessolve.com login successfull","timestamp":"2023-07-13 11:37:40"}
{"level":"info","message":"evaluator Request sent to database email and password are matched with the data ,Test@tessolve.com login successfull","timestamp":"2023-07-13 11:39:50"}
{"level":"info","message":"evaluator Request sent to database email and password are matched with the data ,Test@tessolve.com login successfull","timestamp":"2023-07-13 11:57:58"}
{"level":"info","message":"evaluator Request sent to database email and password are matched with the data ,Test@tessolve.com login successfull","timestamp":"2023-07-13 12:47:39"}
{"level":"info","message":"evaluator Request sent to database email and password are matched with the data ,Test@tessolve.com login successfull","timestamp":"2023-07-13 12:49:07"}
{"level":"info","message":"evaluator Request sent to database email and password are matched with the data ,Test@tessolve.com login successfull","timestamp":"2023-07-13 12:49:18"}
{"level":"info","message":"evaluator Request sent to database email and password are matched with the data ,Test@tessolve.com login successfull","timestamp":"2023-07-13 12:49:40"}
{"level":"info","message":"evaluator Request sent to database email and password are matched with the data ,Test@tessolve.com login successfull","timestamp":"2023-07-13 14:21:13"}
{"level":"info","message":"evaluator Request sent to database email and password are matched with the data ,Test@tessolve.com login successfull","timestamp":"2023-07-13 14:21:30"}
{"level":"info","message":"evaluator Request sent to database email and password are matched with the data ,Test@tessolve.com login successfull","timestamp":"2023-07-13 15:28:18"}
{"level":"info","message":"evaluator Request sent to database email and password are matched with the data ,Test@tessolve.com login successfull","timestamp":"2023-07-13 15:46:43"}
{"level":"info","message":"evaluator Request sent to database email and password are matched with the data ,Test@tessolve.com login successfull","timestamp":"2023-07-13 15:47:02"}
{"level":"info","message":"evaluator Request sent to database email and password are matched with the data ,Test@tessolve.com login successfull","timestamp":"2023-07-13 15:54:33"}
{"level":"info","message":"evaluator Request sent to database email and password are matched with the data ,Test@tessolve.com login successfull","timestamp":"2023-07-13 15:54:51"}
{"level":"info","message":"evaluator Request sent to database email and password are matched with the data ,Test@tessolve.com login successfull","timestamp":"2023-07-13 15:56:50"}
{"level":"info","message":"evaluator Request sent to database email and password are matched with the data ,Test@tessolve.com login successfull","timestamp":"2023-07-13 15:57:18"}
{"level":"info","message":"evaluator Request sent to database email and password are matched with the data ,Test@tessolve.com login successfull","timestamp":"2023-07-13 15:57:31"}
{"level":"info","message":"evaluator Request sent to database email and password are matched with the data ,Test@tessolve.com login successfull","timestamp":"2023-07-13 16:16:56"}
{"level":"info","message":"evaluator Request sent to database email and password are matched with the data ,Test@tessolve.com login successfull","timestamp":"2023-07-13 16:18:27"}
{"level":"info","message":"evaluator Request sent to database email and password are matched with the data ,Test@tessolve.com login successfull","timestamp":"2023-07-13 16:18:38"}
{"level":"info","message":"evaluator Request sent to database email and password are matched with the data ,Test@tessolve.com login successfull","timestamp":"2023-07-13 16:19:03"}
{"level":"info","message":"evaluator Request sent to database email and password are matched with the data ,Test@tessolve.com login successfull","timestamp":"2023-07-13 16:19:24"}
{"level":"info","message":"evaluator Request sent to database email and password are matched with the data ,Test@tessolve.com login successfull","timestamp":"2023-07-13 16:19:34"}
{"level":"info","message":"evaluator Request sent to database email and password are matched with the data ,Test@tessolve.com login successfull","timestamp":"2023-07-13 16:20:00"}
{"level":"info","message":"evaluator Request sent to database email and password are matched with the data ,Test@tessolve.com login successfull","timestamp":"2023-07-13 16:20:55"}
{"level":"info","message":"evaluator Request sent to database email and password are matched with the data ,Test@tessolve.com login successfull","timestamp":"2023-07-13 16:21:02"}
{"level":"info","message":"evaluator Request sent to database email and password are matched with the data ,Test@tessolve.com login successfull","timestamp":"2023-07-13 16:22:17"}
{"level":"info","message":"evaluator Request sent to database email and password are matched with the data ,Test@tessolve.com login successfull","timestamp":"2023-07-13 16:23:35"}
{"level":"info","message":"evaluator Request sent to database email and password are matched with the data ,Test@tessolve.com login successfull","timestamp":"2023-07-13 16:23:42"}
{"level":"info","message":"evaluator Request sent to database email and password are matched with the data ,Test@tessolve.com login successfull","timestamp":"2023-07-13 16:23:50"}
{"level":"info","message":"evaluator Request sent to database email and password are matched with the data ,Test@tessolve.com login successfull","timestamp":"2023-07-13 16:24:18"}
{"level":"info","message":"evaluator Request sent to database email and password are matched with the data ,Test@tessolve.com login successfull","timestamp":"2023-07-13 16:38:38"}
{"level":"info","message":"evaluator Request sent to database email and password are matched with the data ,Test@tessolve.com login successfull","timestamp":"2023-07-13 16:40:42"}
{"level":"info","message":"evaluator Request sent to database email and password are matched with the data ,Test@tessolve.com login successfull","timestamp":"2023-07-13 17:22:15"}
{"level":"info","message":"evaluator Request sent to database email and password are matched with the data ,Test@tessolve.com login successfull","timestamp":"2023-07-13 17:22:48"}
{"level":"info","message":"evaluator Request sent to database email and password are matched with the data ,Test@tessolve.com login successfull","timestamp":"2023-07-13 17:23:04"}
{"level":"info","message":"evaluator Request sent to database email and password are matched with the data ,Test@tessolve.com login successfull","timestamp":"2023-07-13 17:24:27"}
{"level":"info","message":"evaluator Request sent to database email and password are matched with the data ,Test@tessolve.com login successfull","timestamp":"2023-07-13 17:25:13"}
{"level":"info","message":"evaluator Request sent to database email and password are matched with the data ,Test@tessolve.com login successfull","timestamp":"2023-07-13 17:28:02"}
{"level":"info","message":"evaluator Request sent to database email and password are matched with the data ,Test@tessolve.com login successfull","timestamp":"2023-07-13 17:28:29"}
{"level":"info","message":"evaluator Request sent to database email and password are matched with the data ,Test@tessolve.com login successfull","timestamp":"2023-07-13 17:32:43"}
{"level":"info","message":"evaluator Request sent to database email and password are matched with the data ,Test@tessolve.com login successfull","timestamp":"2023-07-13 17:33:04"}
{"level":"info","message":"evaluator Request sent to database email and password are matched with the data ,Test@tessolve.com login successfull","timestamp":"2023-07-13 17:34:00"}
{"level":"info","message":"evaluator Request sent to database email and password are matched with the data ,Test@tessolve.com login successfull","timestamp":"2023-07-13 17:53:31"}
{"level":"info","message":"evaluator Request sent to database email and password are matched with the data ,Test@tessolve.com login successfull","timestamp":"2023-07-19 15:24:12"}
{"level":"error","message":"Evaluator login error","timestamp":"2023-07-19 15:24:12"}
{"level":"info","message":"evaluator Request sent to database email and password are matched with the data ,Test@tessolve.com login successfull","timestamp":"2023-07-19 15:24:16"}
{"level":"error","message":"Evaluator login error","timestamp":"2023-07-19 15:24:16"}
{"level":"info","message":"evaluator Request sent to database email and password are matched with the data ,Test@tessolve.com login successfull","timestamp":"2023-07-19 15:29:51"}
{"level":"info","message":"evaluator Request sent to database email and password are matched with the data ,Test@tessolve.com login successfull","timestamp":"2023-07-19 16:50:39"}
{"level":"info","message":"evaluator Request sent to database email and password are matched with the data ,Test@tessolve.com login successfull","timestamp":"2023-07-19 16:58:22"}
{"level":"info","message":"evaluator Request sent to database email and password are matched with the data ,Test@tessolve.com login successfull","timestamp":"2023-07-19 16:59:16"}
{"level":"info","message":"evaluator Request sent to database email and password are matched with the data ,Test@tessolve.com login successfull","timestamp":"2023-07-19 17:06:44"}
{"level":"info","message":"evaluator Request sent to database email and password are matched with the data ,Test@tessolve.com login successfull","timestamp":"2023-07-19 17:08:31"}
{"level":"info","message":"evaluator Request sent to database email and password are matched with the data ,Test@tessolve.com login successfull","timestamp":"2023-07-19 17:09:21"}
{"level":"info","message":"evaluator Request sent to database email and password are matched with the data ,Test@tessolve.com login successfull","timestamp":"2023-07-20 15:00:08"}
{"level":"info","message":"evaluator Request sent to database email and password are matched with the data ,Test@tessolve.com login successfull","timestamp":"2023-07-21 10:26:39"}
{"level":"info","message":"evaluator Request sent to database email and password are matched with the data ,Test@tessolve.com login successfull","timestamp":"2023-07-21 10:44:40"}
{"level":"info","message":"evaluator Request sent to database email and password are matched with the data ,Test@tessolve.com login successfull","timestamp":"2023-07-21 10:53:01"}
{"level":"info","message":"evaluator Request sent to database email and password are matched with the data ,Test@tessolve.com login successfull","timestamp":"2023-07-21 10:53:54"}
{"level":"info","message":"evaluator Request sent to database email and password are matched with the data ,Test@tessolve.com login successfull","timestamp":"2023-07-21 10:54:02"}
{"level":"info","message":"evaluator Request sent to database email and password are matched with the data ,Test@tessolve.com login successfull","timestamp":"2023-07-21 10:57:09"}
{"level":"info","message":"evaluator Request sent to database email and password are matched with the data ,Test@tessolve.com login successfull","timestamp":"2023-07-21 11:01:57"}
{"level":"info","message":"evaluator Request sent to database email and password are matched with the data ,Test@tessolve.com login successfull","timestamp":"2023-07-21 11:02:16"}
{"level":"info","message":"evaluator Request sent to database email and password are matched with the data ,Test@tessolve.com login successfull","timestamp":"2023-07-21 11:02:59"}
{"level":"info","message":"evaluator Request sent to database email and password are matched with the data ,Test@tessolve.com login successfull","timestamp":"2023-07-21 11:06:04"}
{"level":"info","message":"evaluator Request sent to database email and password are matched with the data ,Test@tessolve.com login successfull","timestamp":"2023-07-21 11:17:25"}
{"level":"info","message":"evaluator Request sent to database email and password are matched with the data ,Test@tessolve.com login successfull","timestamp":"2023-07-21 11:24:26"}
{"level":"info","message":"evaluator Request sent to database email and password are matched with the data ,Test@tessolve.com login successfull","timestamp":"2023-07-21 11:25:47"}
{"level":"info","message":"evaluator Request sent to database email and password are matched with the data ,Test@tessolve.com login successfull","timestamp":"2023-07-21 11:28:58"}
{"level":"info","message":"evaluator Request sent to database email and password are matched with the data ,Test@tessolve.com login successfull","timestamp":"2023-07-21 11:33:19"}
{"level":"info","message":"evaluator Request sent to database email and password are matched with the data ,Test@tessolve.com login successfull","timestamp":"2023-07-21 11:34:55"}
{"level":"info","message":"evaluator Request sent to database email and password are matched with the data ,Test@tessolve.com login successfull","timestamp":"2023-07-21 11:35:55"}
{"level":"info","message":"evaluator Request sent to database email and password are matched with the data ,Test@tessolve.com login successfull","timestamp":"2023-07-21 11:45:01"}
{"level":"info","message":"evaluator Request sent to database email and password are matched with the data ,Test@tessolve.com login successfull","timestamp":"2023-07-21 12:26:02"}
{"level":"info","message":"evaluator Request sent to database email and password are matched with the data ,Test@tessolve.com login successfull","timestamp":"2023-07-21 12:29:47"}
{"level":"info","message":"evaluator Request sent to database email and password are matched with the data ,Test@tessolve.com login successfull","timestamp":"2023-07-21 12:31:02"}
{"level":"info","message":"evaluator Request sent to database email and password are matched with the data ,Test@tessolve.com login successfull","timestamp":"2023-07-21 12:32:01"}
{"level":"info","message":"evaluator Request sent to database email and password are matched with the data ,Test@tessolve.com login successfull","timestamp":"2023-07-21 12:33:13"}
{"level":"info","message":"evaluator Request sent to database email and password are matched with the data ,Test@tessolve.com login successfull","timestamp":"2023-07-21 12:36:28"}
{"level":"info","message":"evaluator Request sent to database email and password are matched with the data ,Test@tessolve.com login successfull","timestamp":"2023-07-21 12:37:22"}
{"level":"info","message":"evaluator Request sent to database email and password are matched with the data ,Test@tessolve.com login successfull","timestamp":"2023-07-21 12:38:13"}
{"level":"info","message":"evaluator Request sent to database email and password are matched with the data ,Test@tessolve.com login successfull","timestamp":"2023-07-21 12:46:20"}
{"level":"info","message":"evaluator Request sent to database email and password are matched with the data ,Test@tessolve.com login successfull","timestamp":"2023-07-21 12:47:36"}
{"level":"info","message":"evaluator Request sent to database email and password are matched with the data ,Test@tessolve.com login successfull","timestamp":"2023-07-21 12:48:23"}
{"level":"info","message":"evaluator Request sent to database email and password are matched with the data ,Test@tessolve.com login successfull","timestamp":"2023-07-21 12:49:56"}
{"level":"info","message":"evaluator Request sent to database email and password are matched with the data ,Test@tessolve.com login successfull","timestamp":"2023-07-21 12:53:01"}
{"level":"info","message":"evaluator Request sent to database email and password are matched with the data ,Test@tessolve.com login successfull","timestamp":"2023-07-21 13:21:03"}
{"level":"info","message":"evaluator Request sent to database email and password are matched with the data ,Test@tessolve.com login successfull","timestamp":"2023-07-21 13:29:33"}
